#
# A fatal error has been detected by the Java Runtime Environment:
#
#  SIGSEGV (0xb) at pc=0x000000012642001e, pid=11465, tid=775
#
# JRE version: Java(TM) SE Runtime Environment (8.0_51-b16) (build 1.8.0_51-b16)
# Java VM: Java HotSpot(TM) 64-Bit Server VM (25.51-b03 mixed mode bsd-amd64 compressed oops)
# Problematic frame:
# C  [liblwjgl_opengl.dylib+0xe01e]
#
# Failed to write core dump. Core dumps have been disabled. To enable core dumping, try "ulimit -c unlimited" before starting Java again
#
# If you would like to submit a bug report, please visit:
#   http://bugreport.java.com/bugreport/crash.jsp
# The crash happened outside the Java Virtual Machine in native code.
# See problematic frame for where to report the bug.
#

---------------  T H R E A D  ---------------

Current thread (0x00007f9799801800):  JavaThread "main" [_thread_in_native, id=775, stack(0x00007ffee93ac000,0x00007ffee9bac000)]

siginfo: si_signo: 11 (SIGSEGV), si_code: 1 (SEGV_MAPERR), si_addr: 0x0000000000001eb0

Registers:
RAX=0x0000000000000000, RBX=0x00000001211caf80, RCX=0x00000001079fa190, RDX=0x0000000000001701
RSP=0x00007ffee9ba7048, RBP=0x00007ffee9ba7098, RSI=0x00007ffee9ba70a8, RDI=0x0000000000001701
R8 =0xc30000000109c745, R9 =0x0000000000000000, R10=0x0000000109c7a928, R11=0x00000001076c57fb
R12=0x0000000000000000, R13=0x00000001211caf78, R14=0x00007ffee9ba70b8, R15=0x00007f9799801800
RIP=0x000000012642001e, EFLAGS=0x0000000000010212, ERR=0x0000000000000004
  TRAPNO=0x000000000000000e

Top of Stack: (sp=0x00007ffee9ba7048)
0x00007ffee9ba7048:   0000000109c7a954 0000000109c7a6a2
0x00007ffee9ba7058:   00007ffee9ba7058 00000001211caf78
0x00007ffee9ba7068:   00007ffee9ba70b8 00000001211e8028
0x00007ffee9ba7078:   0000000000000000 00000001211caf80
0x00007ffee9ba7088:   0000000000000000 00007ffee9ba70b8
0x00007ffee9ba7098:   00007ffee9ba7100 0000000109c6cc4d
0x00007ffee9ba70a8:   000000076b9ba2b0 0000000109c74578
0x00007ffee9ba70b8:   0000000000001701 00007ffee9ba70c0
0x00007ffee9ba70c8:   000000012106c0f8 00007ffee9ba7110
0x00007ffee9ba70d8:   000000012106c368 0000000000000000
0x00007ffee9ba70e8:   000000012106c140 00007ffee9ba70b8
0x00007ffee9ba70f8:   00007ffee9ba7110 00007ffee9ba7158
0x00007ffee9ba7108:   0000000109c6cc4d 000000076af8c0c0
0x00007ffee9ba7118:   00007ffee9ba7118 00000001210687d1
0x00007ffee9ba7128:   00007ffee9ba7168 0000000121068b08
0x00007ffee9ba7138:   0000000000000000 0000000121068838
0x00007ffee9ba7148:   00007ffee9ba7110 00007ffee9ba7168
0x00007ffee9ba7158:   00007ffee9ba71b0 0000000109c6cc4d
0x00007ffee9ba7168:   000000076af77a00 00007ffee9ba7170
0x00007ffee9ba7178:   0000000121067b8c 00007ffee9ba71c8
0x00007ffee9ba7188:   00000001210696f0 0000000000000000
0x00007ffee9ba7198:   0000000121067bc8 00007ffee9ba7168
0x00007ffee9ba71a8:   00007ffee9ba71c8 00007ffee9ba7210
0x00007ffee9ba71b8:   0000000109c6cc4d 0000000000000000
0x00007ffee9ba71c8:   000000076af77a00 00007ffee9ba71d0
0x00007ffee9ba71d8:   0000000121068989 00007ffee9ba7220
0x00007ffee9ba71e8:   0000000121068b08 0000000000000000
0x00007ffee9ba71f8:   00000001210689a0 00007ffee9ba71c8
0x00007ffee9ba7208:   00007ffee9ba7220 00007ffee9ba7268
0x00007ffee9ba7218:   0000000109c6cc4d 000000076af77a00
0x00007ffee9ba7228:   00007ffee9ba7228 0000000121067cf7
0x00007ffee9ba7238:   00007ffee9ba7278 00000001210696f0 

Instructions: (pc=0x000000012642001e)
0x000000012641fffe:   30 1e 00 00 89 d7 89 ce 4c 89 c2 5d ff e0 0f 1f
0x000000012642000e:   40 00 55 48 89 e5 48 8b 07 48 8b 40 18 89 d7 5d
0x000000012642001e:   ff a0 b0 1e 00 00 66 66 66 2e 0f 1f 84 00 00 00
0x000000012642002e:   00 00 55 48 89 e5 48 8b 07 48 8b 40 18 48 89 d7 

Register to memory mapping:

RAX=0x0000000000000000 is an unknown value
RBX={method} {0x00000001211caf80} 'glMatrixMode' '(I)V' in 'org/lwjgl/opengl/GL11'
RCX=0x00000001079fa190: UseMembar+0 in /Library/Java/JavaVirtualMachines/jdk1.8.0_51.jdk/Contents/Home/jre/lib/server/libjvm.dylib at 0x0000000107200000
RDX=0x0000000000001701 is an unknown value
RSP=0x00007ffee9ba7048 is pointing into the stack for thread: 0x00007f9799801800
RBP=0x00007ffee9ba7098 is pointing into the stack for thread: 0x00007f9799801800
RSI=0x00007ffee9ba70a8 is pointing into the stack for thread: 0x00007f9799801800
RDI=0x0000000000001701 is an unknown value
R8 =0xc30000000109c745 is an unknown value
R9 =0x0000000000000000 is an unknown value
R10=0x0000000109c7a928 is at code_begin+808 in an Interpreter codelet
method entry point (kind = native)  [0x0000000109c7a600, 0x0000000109c7af00]  2304 bytes
R11=0x00000001076c57fb: throw_unsatisfied_link_error+0 in /Library/Java/JavaVirtualMachines/jdk1.8.0_51.jdk/Contents/Home/jre/lib/server/libjvm.dylib at 0x0000000107200000
R12=0x0000000000000000 is an unknown value
R13=0x00000001211caf78 is pointing into metadata
R14=0x00007ffee9ba70b8 is pointing into the stack for thread: 0x00007f9799801800
R15=0x00007f9799801800 is a thread


Stack: [0x00007ffee93ac000,0x00007ffee9bac000],  sp=0x00007ffee9ba7048,  free space=8172k
Native frames: (J=compiled Java code, j=interpreted, Vv=VM code, C=native code)
C  [liblwjgl_opengl.dylib+0xe01e]
j  com.tywilly.SimplexEngine.graphics.Renderer.init()V+56
j  com.tywilly.SimplexEngine.SimplexEngine.initBase()V+25
j  com.tywilly.SimplexEngineExamples.SimplexEngineExample.startup()V+20
j  com.tywilly.SimplexEngine.SimplexEngine.startEngine()V+1
j  com.tywilly.SimplexEngineExamples.SimplexEngineExample.main([Ljava/lang/String;)V+7
v  ~StubRoutines::call_stub
V  [libjvm.dylib+0x2e01e2]
V  [libjvm.dylib+0x3168ee]
V  [libjvm.dylib+0x30f668]
C  [java+0x393e]  JavaMain+0x9b1
C  [java+0x559c]  -[JavaLaunchHelper launchJava:]+0x2a
C  [Foundation+0x681c5]  __NSThreadPerformPerform+0x14e
C  [CoreFoundation+0xa3721]  __CFRUNLOOP_IS_CALLING_OUT_TO_A_SOURCE0_PERFORM_FUNCTION__+0x11
C  [CoreFoundation+0x15d0ac]  __CFRunLoopDoSource0+0x6c
C  [CoreFoundation+0x86260]  __CFRunLoopDoSources0+0xd0
C  [CoreFoundation+0x856dd]  __CFRunLoopRun+0x50d
C  [CoreFoundation+0x84f43]  CFRunLoopRunSpecific+0x1e3
C  [java+0x6463]  CreateExecutionEnvironment+0x367
C  [java+0x21ac]  JLI_Launch+0x7a0
C  [java+0x84c0]  main+0x65
C  [java+0x1a04]  start+0x34
C  0x0000000000000007

Java frames: (J=compiled Java code, j=interpreted, Vv=VM code)
j  org.lwjgl.opengl.GL11.glMatrixMode(I)V+0
j  com.tywilly.SimplexEngine.graphics.Renderer.init()V+56
j  com.tywilly.SimplexEngine.SimplexEngine.initBase()V+25
j  com.tywilly.SimplexEngineExamples.SimplexEngineExample.startup()V+20
j  com.tywilly.SimplexEngine.SimplexEngine.startEngine()V+1
j  com.tywilly.SimplexEngineExamples.SimplexEngineExample.main([Ljava/lang/String;)V+7
v  ~StubRoutines::call_stub

---------------  P R O C E S S  ---------------

Java Threads: ( => current thread )
  0x00007f9797878000 JavaThread "Service Thread" daemon [_thread_blocked, id=14851, stack(0x000070000ed5d000,0x000070000ee5d000)]
  0x00007f979a807800 JavaThread "C1 CompilerThread3" daemon [_thread_blocked, id=16131, stack(0x000070000ec5a000,0x000070000ed5a000)]
  0x00007f979a807000 JavaThread "C2 CompilerThread2" daemon [_thread_blocked, id=14339, stack(0x000070000eb57000,0x000070000ec57000)]
  0x00007f979a806000 JavaThread "C2 CompilerThread1" daemon [_thread_blocked, id=14083, stack(0x000070000ea54000,0x000070000eb54000)]
  0x00007f979b003000 JavaThread "C2 CompilerThread0" daemon [_thread_blocked, id=16643, stack(0x000070000e951000,0x000070000ea51000)]
  0x00007f9797879800 JavaThread "Monitor Ctrl-Break" daemon [_thread_in_native, id=13571, stack(0x000070000e84e000,0x000070000e94e000)]
  0x00007f9797818800 JavaThread "Signal Dispatcher" daemon [_thread_blocked, id=13323, stack(0x000070000e74b000,0x000070000e84b000)]
  0x00007f9797818000 JavaThread "Finalizer" daemon [_thread_blocked, id=11779, stack(0x000070000e648000,0x000070000e748000)]
  0x00007f9797817000 JavaThread "Reference Handler" daemon [_thread_blocked, id=19459, stack(0x000070000e545000,0x000070000e645000)]
=>0x00007f9799801800 JavaThread "main" [_thread_in_native, id=775, stack(0x00007ffee93ac000,0x00007ffee9bac000)]

Other Threads:
  0x00007f979983b800 VMThread [stack: 0x000070000e442000,0x000070000e542000] [id=11267]
  0x00007f979787d800 WatcherThread [stack: 0x000070000ee60000,0x000070000ef60000] [id=15363]

VM state:not at safepoint (normal execution)

VM Mutex/Monitor currently owned by a thread: None

Heap:
 PSYoungGen      total 76288K, used 15839K [0x000000076ab00000, 0x0000000770000000, 0x00000007c0000000)
  eden space 65536K, 24% used [0x000000076ab00000,0x000000076ba77ec0,0x000000076eb00000)
  from space 10752K, 0% used [0x000000076f580000,0x000000076f580000,0x0000000770000000)
  to   space 10752K, 0% used [0x000000076eb00000,0x000000076eb00000,0x000000076f580000)
 ParOldGen       total 175104K, used 0K [0x00000006c0000000, 0x00000006cab00000, 0x000000076ab00000)
  object space 175104K, 0% used [0x00000006c0000000,0x00000006c0000000,0x00000006cab00000)
 Metaspace       used 6293K, capacity 6450K, committed 6656K, reserved 1056768K
  class space    used 647K, capacity 735K, committed 768K, reserved 1048576K

Card table byte_map: [0x0000000108529000,0x0000000108d2a000] byte_map_base: 0x0000000104f29000

Marking Bits: (ParMarkBitMap*) 0x0000000107ac27a0
 Begin Bits: [0x0000000118c65000, 0x000000011cc65000)
 End Bits:   [0x000000011cc65000, 0x0000000120c65000)

Polling page: 0x00000001060d8000

CodeCache: size=245760Kb used=2404Kb max_used=2404Kb free=243355Kb
 bounds [0x0000000109c65000, 0x0000000109ed5000, 0x0000000118c65000]
 total_blobs=1245 nmethods=508 adapters=651
 compilation: enabled

Compilation events (10 events):
Event: 13.410 Thread 0x00007f979a807800  501       3       java.lang.invoke.LambdaForm::signatureType (50 bytes)
Event: 13.410 Thread 0x00007f979a807800 nmethod 501 0x0000000109eb1b50 code [0x0000000109eb1da0, 0x0000000109eb2b08]
Event: 13.410 Thread 0x00007f979a807800  503       3       java.lang.String::toUpperCase (439 bytes)
Event: 13.411 Thread 0x00007f979a807800 nmethod 503 0x0000000109eb61d0 code [0x0000000109eb6500, 0x0000000109eb7cf8]
Event: 13.411 Thread 0x00007f979a807800  506   !   3       java.net.URL::<init> (543 bytes)
Event: 13.411 Thread 0x00007f979b003000 nmethod 497 0x0000000109eb8b10 code [0x0000000109eb8c80, 0x0000000109eb9098]
Event: 13.414 Thread 0x00007f979a807800 nmethod 506 0x0000000109eb9450 code [0x0000000109eb9920, 0x0000000109ebc998]
Event: 13.414 Thread 0x00007f979a807800  500       3       java.lang.invoke.LambdaForm::signatureReturn (14 bytes)
Event: 13.414 Thread 0x00007f979a807800 nmethod 500 0x0000000109eb5690 code [0x0000000109eb5840, 0x0000000109eb5d88]
Event: 13.414 Thread 0x00007f979a807800  502       3       java.lang.invoke.MethodType::parameterCount (6 bytes)

GC Heap History (0 events):
No events

Deoptimization events (1 events):
Event: 0.228 Thread 0x00007f9799801800 Uncommon trap: reason=unstable_if action=reinterpret pc=0x0000000109e0041c method=java.lang.String.indexOf([CII[CIII)I @ 134

Internal exceptions (10 events):
Event: 0.044 Thread 0x00007f9799801800 Exception <a 'java/lang/NoSuchMethodError': Method sun.misc.Unsafe.defineClass(Ljava/lang/String;[BII)Ljava/lang/Class; name or signature does not match> (0x000000076ab12db0) thrown at [/Users/java_re/workspace/8-2-build-macosx-x86_64/jdk8u51/3951/hotspot
Event: 0.044 Thread 0x00007f9799801800 Exception <a 'java/lang/NoSuchMethodError': Method sun.misc.Unsafe.prefetchRead(Ljava/lang/Object;J)V name or signature does not match> (0x000000076ab13040) thrown at [/Users/java_re/workspace/8-2-build-macosx-x86_64/jdk8u51/3951/hotspot/src/share/vm/prim
Event: 0.188 Thread 0x00007f9799801800 Exception <a 'java/lang/NoSuchMethodError': java.lang.Object.lambda$static$0(Ljava/lang/String;)Ljava/lang/Boolean;> (0x000000076b362fb8) thrown at [/Users/java_re/workspace/8-2-build-macosx-x86_64/jdk8u51/3951/hotspot/src/share/vm/interpreter/linkResolve
Event: 0.200 Thread 0x00007f9799801800 Exception <a 'java/lang/NoSuchFieldError': method resolution failed> (0x000000076b3e8130) thrown at [/Users/java_re/workspace/8-2-build-macosx-x86_64/jdk8u51/3951/hotspot/src/share/vm/prims/methodHandles.cpp, line 1125]
Event: 0.202 Thread 0x00007f9799801800 Exception <a 'java/lang/NoSuchFieldError': method resolution failed> (0x000000076b3f7328) thrown at [/Users/java_re/workspace/8-2-build-macosx-x86_64/jdk8u51/3951/hotspot/src/share/vm/prims/methodHandles.cpp, line 1125]
Event: 0.263 Thread 0x00007f9799801800 Exception <a 'java/security/PrivilegedActionException'> (0x000000076b638f40) thrown at [/Users/java_re/workspace/8-2-build-macosx-x86_64/jdk8u51/3951/hotspot/src/share/vm/prims/jvm.cpp, line 1382]
Event: 0.263 Thread 0x00007f9799801800 Exception <a 'java/security/PrivilegedActionException'> (0x000000076b639288) thrown at [/Users/java_re/workspace/8-2-build-macosx-x86_64/jdk8u51/3951/hotspot/src/share/vm/prims/jvm.cpp, line 1382]
Event: 0.263 Thread 0x00007f9799801800 Exception <a 'java/security/PrivilegedActionException'> (0x000000076b63c608) thrown at [/Users/java_re/workspace/8-2-build-macosx-x86_64/jdk8u51/3951/hotspot/src/share/vm/prims/jvm.cpp, line 1382]
Event: 0.263 Thread 0x00007f9799801800 Exception <a 'java/security/PrivilegedActionException'> (0x000000076b63c950) thrown at [/Users/java_re/workspace/8-2-build-macosx-x86_64/jdk8u51/3951/hotspot/src/share/vm/prims/jvm.cpp, line 1382]
Event: 0.367 Thread 0x00007f9799801800 Exception <a 'sun/nio/fs/UnixException'> (0x000000076b919908) thrown at [/Users/java_re/workspace/8-2-build-macosx-x86_64/jdk8u51/3951/hotspot/src/share/vm/prims/jni.cpp, line 709]

Events (10 events):
Event: 13.412 loading class org/lwjgl/opengl/GL$4
Event: 13.412 loading class org/lwjgl/opengl/GL$4 done
Event: 13.413 loading class org/lwjgl/system/macosx/CoreFoundation
Event: 13.413 loading class org/lwjgl/system/macosx/CoreFoundation done
Event: 13.413 loading class org/lwjgl/opengl/GL$3
Event: 13.413 loading class org/lwjgl/opengl/GL$3 done
Event: 13.413 loading class org/lwjgl/opengl/GL$SharedLibraryGL
Event: 13.413 loading class org/lwjgl/opengl/GL$SharedLibraryGL done
Event: 13.413 loading class org/lwjgl/system/SharedLibrary$Delegate
Event: 13.413 loading class org/lwjgl/system/SharedLibrary$Delegate done


Dynamic libraries:
0x000000000ba04000 	/System/Library/Frameworks/Cocoa.framework/Versions/A/Cocoa
0x000000000ba04000 	/System/Library/Frameworks/Security.framework/Versions/A/Security
0x000000000ba04000 	/System/Library/Frameworks/ApplicationServices.framework/Versions/A/ApplicationServices
0x000000000ba04000 	/usr/lib/libz.1.dylib
0x000000000ba04000 	/usr/lib/libSystem.B.dylib
0x000000000ba04000 	/usr/lib/libobjc.A.dylib
0x000000000ba04000 	/System/Library/Frameworks/CoreFoundation.framework/Versions/A/CoreFoundation
0x000000000ba04000 	/System/Library/Frameworks/Foundation.framework/Versions/C/Foundation
0x000000000ba04000 	/System/Library/Frameworks/AppKit.framework/Versions/C/AppKit
0x000000000ba04000 	/System/Library/Frameworks/CoreData.framework/Versions/A/CoreData
0x000000000ba04000 	/System/Library/PrivateFrameworks/RemoteViewServices.framework/Versions/A/RemoteViewServices
0x000000000ba04000 	/System/Library/PrivateFrameworks/UIFoundation.framework/Versions/A/UIFoundation
0x000000000ba04000 	/System/Library/PrivateFrameworks/DFRFoundation.framework/Versions/A/DFRFoundation
0x000000000ba04000 	/System/Library/Frameworks/Metal.framework/Versions/A/Metal
0x000000000ba04000 	/System/Library/PrivateFrameworks/DesktopServicesPriv.framework/Versions/A/DesktopServicesPriv
0x000000000ba04000 	/usr/lib/libenergytrace.dylib
0x000000000ba04000 	/System/Library/PrivateFrameworks/SkyLight.framework/Versions/A/SkyLight
0x000000000ba04000 	/System/Library/Frameworks/CoreGraphics.framework/Versions/A/CoreGraphics
0x000000000ba04000 	/usr/lib/libScreenReader.dylib
0x000000000ba04000 	/System/Library/Frameworks/Accelerate.framework/Versions/A/Accelerate
0x000000000ba04000 	/System/Library/Frameworks/IOSurface.framework/Versions/A/IOSurface
0x000000000ba04000 	/System/Library/Frameworks/AudioToolbox.framework/Versions/A/AudioToolbox
0x000000000ba04000 	/System/Library/Frameworks/AudioUnit.framework/Versions/A/AudioUnit
0x000000000ba04000 	/System/Library/PrivateFrameworks/DataDetectorsCore.framework/Versions/A/DataDetectorsCore
0x000000000ba04000 	/System/Library/Frameworks/Carbon.framework/Versions/A/Frameworks/HIToolbox.framework/Versions/A/HIToolbox
0x000000000ba04000 	/usr/lib/libicucore.A.dylib
0x000000000ba04000 	/System/Library/Frameworks/QuartzCore.framework/Versions/A/QuartzCore
0x000000000ba04000 	/System/Library/Frameworks/Carbon.framework/Versions/A/Frameworks/SpeechRecognition.framework/Versions/A/SpeechRecognition
0x000000000ba04000 	/usr/lib/libauto.dylib
0x000000000ba04000 	/usr/lib/libxml2.2.dylib
0x000000000ba04000 	/System/Library/PrivateFrameworks/CoreUI.framework/Versions/A/CoreUI
0x000000000ba04000 	/System/Library/Frameworks/CoreAudio.framework/Versions/A/CoreAudio
0x000000000ba04000 	/System/Library/Frameworks/DiskArbitration.framework/Versions/A/DiskArbitration
0x000000000ba04000 	/usr/lib/liblangid.dylib
0x000000000ba04000 	/System/Library/PrivateFrameworks/MultitouchSupport.framework/Versions/A/MultitouchSupport
0x000000000ba04000 	/System/Library/Frameworks/IOKit.framework/Versions/A/IOKit
0x000000000ba04000 	/usr/lib/libDiagnosticMessagesClient.dylib
0x000000000ba04000 	/System/Library/Frameworks/CoreServices.framework/Versions/A/CoreServices
0x000000000ba04000 	/System/Library/PrivateFrameworks/PerformanceAnalysis.framework/Versions/A/PerformanceAnalysis
0x000000000ba04000 	/System/Library/Frameworks/OpenGL.framework/Versions/A/OpenGL
0x000000000ba04000 	/System/Library/Frameworks/ColorSync.framework/Versions/A/ColorSync
0x000000000ba04000 	/System/Library/Frameworks/CoreImage.framework/Versions/A/CoreImage
0x000000000ba04000 	/System/Library/Frameworks/CoreText.framework/Versions/A/CoreText
0x000000000ba04000 	/System/Library/Frameworks/ImageIO.framework/Versions/A/ImageIO
0x000000000ba04000 	/System/Library/PrivateFrameworks/Backup.framework/Versions/A/Backup
0x000000000ba04000 	/usr/lib/libarchive.2.dylib
0x000000000ba04000 	/System/Library/Frameworks/CFNetwork.framework/Versions/A/CFNetwork
0x000000000ba04000 	/System/Library/Frameworks/SystemConfiguration.framework/Versions/A/SystemConfiguration
0x000000000ba04000 	/usr/lib/libCRFSuite.dylib
0x000000000ba04000 	/usr/lib/libc++.1.dylib
0x000000000ba04000 	/usr/lib/libc++abi.dylib
0x000000000ba04000 	/usr/lib/system/libcache.dylib
0x000000000ba04000 	/usr/lib/system/libcommonCrypto.dylib
0x000000000ba04000 	/usr/lib/system/libcompiler_rt.dylib
0x000000000ba04000 	/usr/lib/system/libcopyfile.dylib
0x000000000ba04000 	/usr/lib/system/libcorecrypto.dylib
0x000000000ba04000 	/usr/lib/system/libdispatch.dylib
0x000000000ba04000 	/usr/lib/system/libdyld.dylib
0x000000000ba04000 	/usr/lib/system/libkeymgr.dylib
0x000000000ba04000 	/usr/lib/system/liblaunch.dylib
0x000000000ba04000 	/usr/lib/system/libmacho.dylib
0x000000000ba04000 	/usr/lib/system/libquarantine.dylib
0x000000000ba04000 	/usr/lib/system/libremovefile.dylib
0x000000000ba04000 	/usr/lib/system/libsystem_asl.dylib
0x000000000ba04000 	/usr/lib/system/libsystem_blocks.dylib
0x000000000ba04000 	/usr/lib/system/libsystem_c.dylib
0x000000000ba04000 	/usr/lib/system/libsystem_configuration.dylib
0x000000000ba04000 	/usr/lib/system/libsystem_coreservices.dylib
0x000000000ba04000 	/usr/lib/system/libsystem_darwin.dylib
0x000000000ba04000 	/usr/lib/system/libsystem_dnssd.dylib
0x000000000ba04000 	/usr/lib/system/libsystem_info.dylib
0x000000000ba04000 	/usr/lib/system/libsystem_m.dylib
0x000000000ba04000 	/usr/lib/system/libsystem_malloc.dylib
0x000000000ba04000 	/usr/lib/system/libsystem_network.dylib
0x000000000ba04000 	/usr/lib/system/libsystem_networkextension.dylib
0x000000000ba04000 	/usr/lib/system/libsystem_notify.dylib
0x000000000ba04000 	/usr/lib/system/libsystem_sandbox.dylib
0x000000000ba04000 	/usr/lib/system/libsystem_secinit.dylib
0x000000000ba04000 	/usr/lib/system/libsystem_kernel.dylib
0x000000000ba04000 	/usr/lib/system/libsystem_platform.dylib
0x000000000ba04000 	/usr/lib/system/libsystem_pthread.dylib
0x000000000ba04000 	/usr/lib/system/libsystem_symptoms.dylib
0x000000000ba04000 	/usr/lib/system/libsystem_trace.dylib
0x000000000ba04000 	/usr/lib/system/libunwind.dylib
0x000000000ba04000 	/usr/lib/system/libxpc.dylib
0x000000000ba04000 	/usr/lib/closure/libclosured.dylib
0x000000000ba04000 	/usr/lib/libbsm.0.dylib
0x000000000ba04000 	/usr/lib/system/libkxld.dylib
0x000000000ba04000 	/usr/lib/libOpenScriptingUtil.dylib
0x000000000ba04000 	/usr/lib/libcoretls.dylib
0x000000000ba04000 	/usr/lib/libcoretls_cfhelpers.dylib
0x000000000ba04000 	/usr/lib/libpam.2.dylib
0x000000000ba04000 	/usr/lib/libsqlite3.dylib
0x000000000ba04000 	/usr/lib/libxar.1.dylib
0x000000000ba04000 	/usr/lib/libbz2.1.0.dylib
0x000000000ba04000 	/usr/lib/liblzma.5.dylib
0x000000000ba04000 	/usr/lib/libnetwork.dylib
0x000000000ba04000 	/usr/lib/libapple_nghttp2.dylib
0x000000000ba04000 	/usr/lib/libpcap.A.dylib
0x000000000ba04000 	/usr/lib/libboringssl.dylib
0x000000000ba04000 	/usr/lib/libusrtcp.dylib
0x000000000ba04000 	/usr/lib/libapple_crypto.dylib
0x000000000ba04000 	/System/Library/Frameworks/CoreServices.framework/Versions/A/Frameworks/FSEvents.framework/Versions/A/FSEvents
0x000000000ba04000 	/System/Library/Frameworks/CoreServices.framework/Versions/A/Frameworks/CarbonCore.framework/Versions/A/CarbonCore
0x000000000ba04000 	/System/Library/Frameworks/CoreServices.framework/Versions/A/Frameworks/Metadata.framework/Versions/A/Metadata
0x000000000ba04000 	/System/Library/Frameworks/CoreServices.framework/Versions/A/Frameworks/OSServices.framework/Versions/A/OSServices
0x000000000ba04000 	/System/Library/Frameworks/CoreServices.framework/Versions/A/Frameworks/SearchKit.framework/Versions/A/SearchKit
0x000000000ba04000 	/System/Library/Frameworks/CoreServices.framework/Versions/A/Frameworks/AE.framework/Versions/A/AE
0x000000000ba04000 	/System/Library/Frameworks/CoreServices.framework/Versions/A/Frameworks/LaunchServices.framework/Versions/A/LaunchServices
0x000000000ba04000 	/System/Library/Frameworks/CoreServices.framework/Versions/A/Frameworks/DictionaryServices.framework/Versions/A/DictionaryServices
0x000000000ba04000 	/System/Library/Frameworks/CoreServices.framework/Versions/A/Frameworks/SharedFileList.framework/Versions/A/SharedFileList
0x000000000ba04000 	/System/Library/Frameworks/NetFS.framework/Versions/A/NetFS
0x000000000ba04000 	/System/Library/PrivateFrameworks/NetAuth.framework/Versions/A/NetAuth
0x000000000ba04000 	/System/Library/PrivateFrameworks/login.framework/Versions/A/Frameworks/loginsupport.framework/Versions/A/loginsupport
0x000000000ba04000 	/System/Library/PrivateFrameworks/TCC.framework/Versions/A/TCC
0x000000000ba04000 	/usr/lib/libmecabra.dylib
0x000000000ba04000 	/System/Library/Frameworks/ApplicationServices.framework/Versions/A/Frameworks/ATS.framework/Versions/A/ATS
0x000000000ba04000 	/System/Library/Frameworks/ApplicationServices.framework/Versions/A/Frameworks/ColorSyncLegacy.framework/Versions/A/ColorSyncLegacy
0x000000000ba04000 	/System/Library/Frameworks/ApplicationServices.framework/Versions/A/Frameworks/HIServices.framework/Versions/A/HIServices
0x000000000ba04000 	/System/Library/Frameworks/ApplicationServices.framework/Versions/A/Frameworks/LangAnalysis.framework/Versions/A/LangAnalysis
0x000000000ba04000 	/System/Library/Frameworks/ApplicationServices.framework/Versions/A/Frameworks/PrintCore.framework/Versions/A/PrintCore
0x000000000ba04000 	/System/Library/Frameworks/ApplicationServices.framework/Versions/A/Frameworks/QD.framework/Versions/A/QD
0x000000000ba04000 	/System/Library/Frameworks/ApplicationServices.framework/Versions/A/Frameworks/SpeechSynthesis.framework/Versions/A/SpeechSynthesis
0x000000000ba04000 	/System/Library/Frameworks/CoreDisplay.framework/Versions/A/CoreDisplay
0x000000000ba04000 	/System/Library/Frameworks/Accelerate.framework/Versions/A/Frameworks/vImage.framework/Versions/A/vImage
0x000000000ba04000 	/System/Library/Frameworks/Accelerate.framework/Versions/A/Frameworks/vecLib.framework/Versions/A/vecLib
0x000000000ba04000 	/System/Library/Frameworks/Accelerate.framework/Versions/A/Frameworks/vecLib.framework/Versions/A/libvDSP.dylib
0x000000000ba04000 	/System/Library/Frameworks/Accelerate.framework/Versions/A/Frameworks/vecLib.framework/Versions/A/libBNNS.dylib
0x000000000ba04000 	/System/Library/Frameworks/Accelerate.framework/Versions/A/Frameworks/vecLib.framework/Versions/A/libQuadrature.dylib
0x000000000ba04000 	/System/Library/Frameworks/Accelerate.framework/Versions/A/Frameworks/vecLib.framework/Versions/A/libvMisc.dylib
0x000000000ba04000 	/System/Library/Frameworks/Accelerate.framework/Versions/A/Frameworks/vecLib.framework/Versions/A/libLAPACK.dylib
0x000000000ba04000 	/System/Library/Frameworks/Accelerate.framework/Versions/A/Frameworks/vecLib.framework/Versions/A/libBLAS.dylib
0x000000000ba04000 	/System/Library/Frameworks/Accelerate.framework/Versions/A/Frameworks/vecLib.framework/Versions/A/libLinearAlgebra.dylib
0x000000000ba04000 	/System/Library/Frameworks/Accelerate.framework/Versions/A/Frameworks/vecLib.framework/Versions/A/libSparse.dylib
0x000000000ba04000 	/System/Library/Frameworks/Accelerate.framework/Versions/A/Frameworks/vecLib.framework/Versions/A/libSparseBLAS.dylib
0x000000000ba04000 	/System/Library/PrivateFrameworks/IOAccelerator.framework/Versions/A/IOAccelerator
0x000000000ba04000 	/System/Library/PrivateFrameworks/IOPresentment.framework/Versions/A/IOPresentment
0x000000000ba04000 	/System/Library/PrivateFrameworks/DSExternalDisplay.framework/Versions/A/DSExternalDisplay
0x000000000ba04000 	/System/Library/Frameworks/OpenGL.framework/Versions/A/Libraries/libCoreFSCache.dylib
0x000000000ba04000 	/System/Library/Frameworks/CoreVideo.framework/Versions/A/CoreVideo
0x000000000ba04000 	/System/Library/PrivateFrameworks/GraphVisualizer.framework/Versions/A/GraphVisualizer
0x000000000ba04000 	/System/Library/Frameworks/MetalPerformanceShaders.framework/Versions/A/MetalPerformanceShaders
0x000000000ba04000 	/usr/lib/libFosl_dynamic.dylib
0x000000000ba04000 	/System/Library/PrivateFrameworks/FaceCore.framework/Versions/A/FaceCore
0x000000000ba04000 	/System/Library/Frameworks/OpenCL.framework/Versions/A/OpenCL
0x000000000ba04000 	/usr/lib/libcompression.dylib
0x000000000ba04000 	/System/Library/Frameworks/ApplicationServices.framework/Versions/A/Frameworks/ATS.framework/Versions/A/Resources/libFontParser.dylib
0x000000000ba04000 	/System/Library/Frameworks/ApplicationServices.framework/Versions/A/Frameworks/ATS.framework/Versions/A/Resources/libFontRegistry.dylib
0x000000000ba04000 	/System/Library/Frameworks/ImageIO.framework/Versions/A/Resources/libJPEG.dylib
0x000000000ba04000 	/System/Library/Frameworks/ImageIO.framework/Versions/A/Resources/libTIFF.dylib
0x000000000ba04000 	/System/Library/Frameworks/ImageIO.framework/Versions/A/Resources/libPng.dylib
0x000000000ba04000 	/System/Library/Frameworks/ImageIO.framework/Versions/A/Resources/libGIF.dylib
0x000000000ba04000 	/System/Library/Frameworks/ImageIO.framework/Versions/A/Resources/libJP2.dylib
0x000000000ba04000 	/System/Library/Frameworks/ImageIO.framework/Versions/A/Resources/libRadiance.dylib
0x000000000ba04000 	/System/Library/PrivateFrameworks/AppleJPEG.framework/Versions/A/AppleJPEG
0x000000000ba04000 	/System/Library/PrivateFrameworks/MetalTools.framework/Versions/A/MetalTools
0x000000000ba04000 	/System/Library/Frameworks/MetalPerformanceShaders.framework/Frameworks/MPSCore.framework/Versions/A/MPSCore
0x000000000ba04000 	/System/Library/Frameworks/MetalPerformanceShaders.framework/Frameworks/MPSImage.framework/Versions/A/MPSImage
0x000000000ba04000 	/System/Library/Frameworks/MetalPerformanceShaders.framework/Frameworks/MPSMatrix.framework/Versions/A/MPSMatrix
0x000000000ba04000 	/System/Library/Frameworks/MetalPerformanceShaders.framework/Frameworks/MPSNeuralNetwork.framework/Versions/A/MPSNeuralNetwork
0x000000000ba04000 	/System/Library/Frameworks/OpenGL.framework/Versions/A/Libraries/libGLU.dylib
0x000000000ba04000 	/System/Library/Frameworks/OpenGL.framework/Versions/A/Libraries/libGFXShared.dylib
0x000000000ba04000 	/System/Library/Frameworks/OpenGL.framework/Versions/A/Libraries/libGL.dylib
0x000000000ba04000 	/System/Library/Frameworks/OpenGL.framework/Versions/A/Libraries/libGLImage.dylib
0x000000000ba04000 	/System/Library/Frameworks/OpenGL.framework/Versions/A/Libraries/libCVMSPluginSupport.dylib
0x000000000ba04000 	/System/Library/Frameworks/OpenGL.framework/Versions/A/Libraries/libCoreVMClient.dylib
0x000000000ba04000 	/usr/lib/libcups.2.dylib
0x000000000ba04000 	/System/Library/Frameworks/Kerberos.framework/Versions/A/Kerberos
0x000000000ba04000 	/System/Library/Frameworks/GSS.framework/Versions/A/GSS
0x000000000ba04000 	/usr/lib/libresolv.9.dylib
0x000000000ba04000 	/usr/lib/libiconv.2.dylib
0x000000000ba04000 	/System/Library/PrivateFrameworks/Heimdal.framework/Versions/A/Heimdal
0x000000000ba04000 	/usr/lib/libheimdal-asn1.dylib
0x000000000ba04000 	/System/Library/Frameworks/OpenDirectory.framework/Versions/A/OpenDirectory
0x000000000ba04000 	/System/Library/PrivateFrameworks/CommonAuth.framework/Versions/A/CommonAuth
0x000000000ba04000 	/System/Library/Frameworks/OpenDirectory.framework/Versions/A/Frameworks/CFOpenDirectory.framework/Versions/A/CFOpenDirectory
0x000000000ba04000 	/System/Library/Frameworks/SecurityFoundation.framework/Versions/A/SecurityFoundation
0x000000000ba04000 	/System/Library/PrivateFrameworks/APFS.framework/Versions/A/APFS
0x000000000ba04000 	/usr/lib/libutil.dylib
0x000000000ba04000 	/System/Library/PrivateFrameworks/AppleSauce.framework/Versions/A/AppleSauce
0x000000000ba04000 	/System/Library/PrivateFrameworks/LinguisticData.framework/Versions/A/LinguisticData
0x000000000ba04000 	/usr/lib/libmarisa.dylib
0x000000000ba04000 	/System/Library/PrivateFrameworks/Lexicon.framework/Versions/A/Lexicon
0x000000000ba04000 	/usr/lib/libChineseTokenizer.dylib
0x000000000ba04000 	/usr/lib/libcmph.dylib
0x000000000ba04000 	/System/Library/PrivateFrameworks/LanguageModeling.framework/Versions/A/LanguageModeling
0x000000000ba04000 	/System/Library/PrivateFrameworks/CoreEmoji.framework/Versions/A/CoreEmoji
0x000000000ba04000 	/System/Library/Frameworks/ServiceManagement.framework/Versions/A/ServiceManagement
0x000000000ba04000 	/System/Library/PrivateFrameworks/BackgroundTaskManagement.framework/Versions/A/BackgroundTaskManagement
0x000000000ba04000 	/usr/lib/libxslt.1.dylib
0x000000000ba04000 	/System/Library/Frameworks/Carbon.framework/Versions/A/Frameworks/Ink.framework/Versions/A/Ink
0x000000000ba04000 	/System/Library/PrivateFrameworks/TextureIO.framework/Versions/A/TextureIO
0x000000000ba04000 	/usr/lib/libate.dylib
0x000000000ba04000 	/System/Library/PrivateFrameworks/CrashReporterSupport.framework/Versions/A/CrashReporterSupport
0x000000000ba04000 	/System/Library/PrivateFrameworks/Sharing.framework/Versions/A/Sharing
0x000000000ba04000 	/System/Library/PrivateFrameworks/IconServices.framework/Versions/A/IconServices
0x000000000ba04000 	/System/Library/PrivateFrameworks/ProtocolBuffer.framework/Versions/A/ProtocolBuffer
0x000000000ba04000 	/System/Library/PrivateFrameworks/Apple80211.framework/Versions/A/Apple80211
0x000000000ba04000 	/System/Library/Frameworks/CoreWLAN.framework/Versions/A/CoreWLAN
0x000000000ba04000 	/System/Library/PrivateFrameworks/CoreUtils.framework/Versions/A/CoreUtils
0x000000000ba04000 	/System/Library/Frameworks/IOBluetooth.framework/Versions/A/IOBluetooth
0x000000000ba04000 	/System/Library/PrivateFrameworks/CoreWiFi.framework/Versions/A/CoreWiFi
0x000000000ba04000 	/System/Library/Frameworks/CoreBluetooth.framework/Versions/A/CoreBluetooth
0x000000000ba04000 	/System/Library/PrivateFrameworks/SignpostNotification.framework/Versions/A/SignpostNotification
0x000000000ba04000 	/System/Library/PrivateFrameworks/DebugSymbols.framework/Versions/A/DebugSymbols
0x000000000ba04000 	/System/Library/PrivateFrameworks/CoreSymbolication.framework/Versions/A/CoreSymbolication
0x000000000ba04000 	/System/Library/PrivateFrameworks/Symbolication.framework/Versions/A/Symbolication
0x000000000ba04000 	/System/Library/PrivateFrameworks/AppleFSCompression.framework/Versions/A/AppleFSCompression
0x000000000ba04000 	/System/Library/PrivateFrameworks/SpeechRecognitionCore.framework/Versions/A/SpeechRecognitionCore
0x0000000107200000 	/Library/Java/JavaVirtualMachines/jdk1.8.0_51.jdk/Contents/Home/jre/lib/server/libjvm.dylib
0x000000000ba04000 	/usr/lib/libstdc++.6.0.9.dylib
0x0000000106095000 	/Library/Java/JavaVirtualMachines/jdk1.8.0_51.jdk/Contents/Home/jre/lib/libverify.dylib
0x00000001060a3000 	/Library/Java/JavaVirtualMachines/jdk1.8.0_51.jdk/Contents/Home/jre/lib/libjava.dylib
0x00000001060d9000 	/Library/Java/JavaVirtualMachines/jdk1.8.0_51.jdk/Contents/Home/jre/lib/libinstrument.dylib
0x0000000106177000 	/Library/Java/JavaVirtualMachines/jdk1.8.0_51.jdk/Contents/Home/jre/lib/libzip.dylib
0x000000000ba04000 	/System/Library/Frameworks/JavaVM.framework/Versions/A/Frameworks/JavaRuntimeSupport.framework/Versions/A/JavaRuntimeSupport
0x000000000ba04000 	/System/Library/Frameworks/JavaVM.framework/Versions/A/Frameworks/JavaNativeFoundation.framework/Versions/A/JavaNativeFoundation
0x000000000ba04000 	/System/Library/Frameworks/JavaVM.framework/Versions/A/JavaVM
0x000000000ba04000 	/System/Library/Frameworks/Carbon.framework/Versions/A/Carbon
0x000000000ba04000 	/System/Library/PrivateFrameworks/JavaLaunching.framework/Versions/A/JavaLaunching
0x000000000ba04000 	/System/Library/Frameworks/Carbon.framework/Versions/A/Frameworks/CommonPanels.framework/Versions/A/CommonPanels
0x000000000ba04000 	/System/Library/Frameworks/Carbon.framework/Versions/A/Frameworks/Help.framework/Versions/A/Help
0x000000000ba04000 	/System/Library/Frameworks/Carbon.framework/Versions/A/Frameworks/ImageCapture.framework/Versions/A/ImageCapture
0x000000000ba04000 	/System/Library/Frameworks/Carbon.framework/Versions/A/Frameworks/OpenScripting.framework/Versions/A/OpenScripting
0x000000000ba04000 	/System/Library/Frameworks/Carbon.framework/Versions/A/Frameworks/Print.framework/Versions/A/Print
0x000000000ba04000 	/System/Library/Frameworks/Carbon.framework/Versions/A/Frameworks/SecurityHI.framework/Versions/A/SecurityHI
0x0000000124dba000 	/Library/Java/JavaVirtualMachines/jdk1.8.0_51.jdk/Contents/Home/jre/lib/libnet.dylib
0x0000000124e19000 	/Library/Java/JavaVirtualMachines/jdk1.8.0_51.jdk/Contents/Home/jre/lib/libnio.dylib
0x0000000124e29000 	/private/var/folders/y6/97651cgd1cgfbzx1wc11rk0c0000gn/T/lwjgltyler/3.1.6-build-14/liblwjgl.dylib
0x0000000124e51000 	/var/folders/y6/97651cgd1cgfbzx1wc11rk0c0000gn/T/lwjgltyler/3.1.6-build-14/libglfw.dylib
0x000000000ba04000 	/System/Library/PrivateFrameworks/CoreServicesInternal.framework/Versions/A/CoreServicesInternal
0x000000000ba04000 	/System/Library/PrivateFrameworks/FamilyControls.framework/Versions/A/FamilyControls
0x000000000ba04000 	/System/Library/PrivateFrameworks/CommerceKit.framework/Versions/A/Frameworks/CommerceCore.framework/Versions/A/CommerceCore
0x000000000ba04000 	/System/Library/PrivateFrameworks/SystemAdministration.framework/Versions/A/SystemAdministration
0x000000000ba04000 	/System/Library/PrivateFrameworks/AppContainer.framework/Versions/A/AppContainer
0x000000000ba04000 	/System/Library/PrivateFrameworks/SecCodeWrapper.framework/Versions/A/SecCodeWrapper
0x000000000ba04000 	/System/Library/PrivateFrameworks/DiskManagement.framework/Versions/A/DiskManagement
0x000000000ba04000 	/System/Library/Frameworks/DirectoryService.framework/Versions/A/DirectoryService
0x000000000ba04000 	/System/Library/PrivateFrameworks/DiskImages.framework/Versions/A/DiskImages
0x000000000ba04000 	/System/Library/PrivateFrameworks/LoginUIKit.framework/Versions/A/Frameworks/LoginUICore.framework/Versions/A/LoginUICore
0x000000000ba04000 	/usr/lib/libCoreStorage.dylib
0x000000000ba04000 	/usr/lib/libcsfde.dylib
0x000000000ba04000 	/usr/lib/libodfde.dylib
0x000000000ba04000 	/System/Library/PrivateFrameworks/MediaKit.framework/Versions/A/MediaKit
0x000000000ba04000 	/System/Library/Frameworks/DiscRecording.framework/Versions/A/DiscRecording
0x000000000ba04000 	/System/Library/PrivateFrameworks/EFILogin.framework/Versions/A/EFILogin
0x000000000ba04000 	/System/Library/PrivateFrameworks/ProtectedCloudStorage.framework/Versions/A/ProtectedCloudStorage
0x000000000ba04000 	/usr/lib/libcurl.4.dylib
0x000000000ba04000 	/usr/lib/libcrypto.35.dylib
0x000000000ba04000 	/usr/lib/libssl.35.dylib
0x000000000ba04000 	/System/Library/Frameworks/LDAP.framework/Versions/A/LDAP
0x000000000ba04000 	/System/Library/PrivateFrameworks/TrustEvaluationAgent.framework/Versions/A/TrustEvaluationAgent
0x000000000ba04000 	/usr/lib/libsasl2.2.dylib
0x000000000ba04000 	/System/Library/PrivateFrameworks/CoreDaemon.framework/Versions/B/CoreDaemon
0x000000000ba04000 	/System/Library/PrivateFrameworks/AppleSRP.framework/Versions/A/AppleSRP
0x000000000ba04000 	/System/Library/Frameworks/ApplicationServices.framework/Versions/A/Frameworks/ATS.framework/Versions/A/Resources/libTrueTypeScaler.dylib
0x000000000ba04000 	/System/Library/Frameworks/Accelerate.framework/Versions/A/Frameworks/vImage.framework/Versions/A/Libraries/libCGInterfaces.dylib
0x000000000ba04000 	/System/Library/Frameworks/OpenGL.framework/Versions/A/Resources/GLEngine.bundle/GLEngine
0x000000000ba04000 	/System/Library/Frameworks/OpenGL.framework/Versions/A/Libraries/libGLProgrammability.dylib
0x0000000127836000 	/System/Library/Extensions/AppleIntelHD5000GraphicsGLDriver.bundle/Contents/MacOS/AppleIntelHD5000GraphicsGLDriver
0x000000000ba04000 	/System/Library/PrivateFrameworks/GPUSupport.framework/Versions/A/Libraries/libGPUSupportMercury.dylib
0x0000000127f9f000 	/System/Library/Extensions/AMDRadeonX4000GLDriver.bundle/Contents/MacOS/AMDRadeonX4000GLDriver
0x000000000ba04000 	/System/Library/Extensions/AMDRadeonX4000GLDriver.bundle/Contents/MacOS/ATIRadeonX4000SCLib.dylib
0x000000000ba04000 	/System/Library/Frameworks/OpenGL.framework/Versions/A/Resources/GLRendererFloat.bundle/GLRendererFloat
0x000000000ba04000 	/System/Library/Frameworks/OpenCL.framework/Versions/A/Libraries/libcldcpuengine.dylib
0x000000000ba04000 	/System/Library/Extensions/AppleIntelHD5000GraphicsMTLDriver.bundle/Contents/MacOS/AppleIntelHD5000GraphicsMTLDriver
0x00000001280d7000 	/System/Library/Extensions/AMDMTLBronzeDriver.bundle/Contents/MacOS/AMDMTLBronzeDriver
0x000000000ba04000 	/System/Library/PrivateFrameworks/IOAccelMemoryInfo.framework/Versions/A/IOAccelMemoryInfo
0x000000000ba04000 	/System/Library/PrivateFrameworks/GPUCompiler.framework/Versions/3802/Libraries/libmetal_timestamp.dylib
0x0000000126412000 	/private/var/folders/y6/97651cgd1cgfbzx1wc11rk0c0000gn/T/lwjgltyler/3.1.6-build-14/liblwjgl_opengl.dylib

VM Arguments:
jvm_args: -javaagent:/Applications/IntelliJ IDEA.app/Contents/lib/idea_rt.jar=55704:/Applications/IntelliJ IDEA.app/Contents/bin -Dfile.encoding=UTF-8 
java_command: com.tywilly.SimplexEngineExamples.SimplexEngineExample
java_class_path (initial): /Library/Java/JavaVirtualMachines/jdk1.8.0_51.jdk/Contents/Home/jre/lib/charsets.jar:/Library/Java/JavaVirtualMachines/jdk1.8.0_51.jdk/Contents/Home/jre/lib/deploy.jar:/Library/Java/JavaVirtualMachines/jdk1.8.0_51.jdk/Contents/Home/jre/lib/ext/cldrdata.jar:/Library/Java/JavaVirtualMachines/jdk1.8.0_51.jdk/Contents/Home/jre/lib/ext/dnsns.jar:/Library/Java/JavaVirtualMachines/jdk1.8.0_51.jdk/Contents/Home/jre/lib/ext/jfxrt.jar:/Library/Java/JavaVirtualMachines/jdk1.8.0_51.jdk/Contents/Home/jre/lib/ext/localedata.jar:/Library/Java/JavaVirtualMachines/jdk1.8.0_51.jdk/Contents/Home/jre/lib/ext/nashorn.jar:/Library/Java/JavaVirtualMachines/jdk1.8.0_51.jdk/Contents/Home/jre/lib/ext/sunec.jar:/Library/Java/JavaVirtualMachines/jdk1.8.0_51.jdk/Contents/Home/jre/lib/ext/sunjce_provider.jar:/Library/Java/JavaVirtualMachines/jdk1.8.0_51.jdk/Contents/Home/jre/lib/ext/sunpkcs11.jar:/Library/Java/JavaVirtualMachines/jdk1.8.0_51.jdk/Contents/Home/jre/lib/ext/zipfs.jar:/Library/Java/JavaVirtualMachines/jdk1.8.0_51.jdk/Contents/Home/jre/lib/javaws.jar:/Library/Java/JavaVirtualMachines/jdk1.8.0_51.jdk/Contents/Home/jre/lib/jce.jar:/Library/Java/JavaVirtualMachines/jdk1.8.0_51.jdk/Contents/Home/jre/lib/jfr.jar:/Library/Java/JavaVirtualMachines/jdk1.8.0_51.jdk/Contents/Home/jre/lib/jfxswt.jar:/Library/Java/JavaVirtualMachines/jdk1.8.0_51.jdk/Contents/Home/jre/lib/jsse.jar:/Library/Java/JavaVirtualMachines/jdk1.8.0_51.jdk/Contents/Home/jre/lib/management-agent.jar:/Library/Java/JavaVirtualMachines/jdk1.8.0_51.jdk/Contents/Home/jre/lib/plugin.jar:/Library/Java/JavaVirtualMachines/jdk1.8.0_51.jdk/Contents/Home/jre/lib/resources.jar:/Library/Java/JavaVirtualMachines/jdk1.8.0_51.jdk/Contents/Home/jre/lib/rt.jar:/Library/Java/JavaVirtualMachines/jdk1.8.0_51.jdk/Contents/Home/lib/ant-javafx.jar:/Library/Java/JavaVirtualMachines/jdk1.8.0_51.jdk/Contents/Home/lib/dt.jar:/Library/Java/JavaVirtualMachines/jdk1.8.0_51.jdk/Contents/Home/lib/javafx-mx.jar:/Library/Java/Jav
Launcher Type: SUN_STANDARD

Environment Variables:
PATH=/Library/Frameworks/Python.framework/Versions/3.5/bin:/Library/Frameworks/Python.framework/Versions/3.5/bin:/usr/local/bin:/usr/bin:/bin:/usr/sbin:/sbin:/usr/local/share/dotnet:/opt/X11/bin:/Library/Frameworks/Mono.framework/Versions/Current/Commands:/Applications/Xamarin Workbooks.app/Contents/SharedSupport/path-bin
SHELL=/bin/bash
DISPLAY=/private/tmp/com.apple.launchd.mjCkWt731D/org.macosforge.xquartz:0

Signal Handlers:
SIGSEGV: [libjvm.dylib+0x58ef35], sa_mask[0]=11111111011111110111111111111111, sa_flags=SA_ONSTACK|SA_RESTART|SA_SIGINFO
SIGBUS: [libjvm.dylib+0x58ef35], sa_mask[0]=11111111011111110111111111111111, sa_flags=SA_RESTART|SA_SIGINFO
SIGFPE: [libjvm.dylib+0x46c028], sa_mask[0]=11111111011111110111111111111111, sa_flags=SA_RESTART|SA_SIGINFO
SIGPIPE: [libjvm.dylib+0x46c028], sa_mask[0]=11111111011111110111111111111111, sa_flags=SA_RESTART|SA_SIGINFO
SIGXFSZ: [libjvm.dylib+0x46c028], sa_mask[0]=11111111011111110111111111111111, sa_flags=SA_RESTART|SA_SIGINFO
SIGILL: [libjvm.dylib+0x46c028], sa_mask[0]=11111111011111110111111111111111, sa_flags=SA_RESTART|SA_SIGINFO
SIGUSR1: SIG_DFL, sa_mask[0]=00000000000000000000000000000000, sa_flags=none
SIGUSR2: [libjvm.dylib+0x46bb46], sa_mask[0]=00100000000000000000000000000000, sa_flags=SA_RESTART|SA_SIGINFO
SIGHUP: [libjvm.dylib+0x46a119], sa_mask[0]=11111111011111110111111111111111, sa_flags=SA_RESTART|SA_SIGINFO
SIGINT: [libjvm.dylib+0x46a119], sa_mask[0]=11111111011111110111111111111111, sa_flags=SA_RESTART|SA_SIGINFO
SIGTERM: [libjvm.dylib+0x46a119], sa_mask[0]=11111111011111110111111111111111, sa_flags=SA_RESTART|SA_SIGINFO
SIGQUIT: [libjvm.dylib+0x46a119], sa_mask[0]=11111111011111110111111111111111, sa_flags=SA_RESTART|SA_SIGINFO


---------------  S Y S T E M  ---------------

OS:Bsduname:Darwin 17.4.0 Darwin Kernel Version 17.4.0: Sun Dec 17 09:19:54 PST 2017; root:xnu-4570.41.2~1/RELEASE_X86_64 x86_64
rlimit: STACK 8192k, CORE 0k, NPROC 1418, NOFILE 10240, AS infinity
load average:2.82 2.03 1.91

CPU:total 8 (4 cores per cpu, 2 threads per core) family 6 model 70 stepping 1, cmov, cx8, fxsr, mmx, sse, sse2, sse3, ssse3, sse4.1, sse4.2, popcnt, avx, avx2, aes, clmul, erms, lzcnt, ht, tsc, tscinvbit, bmi1, bmi2

Memory: 4k page, physical 16777216k(3472696k free)

/proc/meminfo:


vm_info: Java HotSpot(TM) 64-Bit Server VM (25.51-b03) for bsd-amd64 JRE (1.8.0_51-b16), built on Jun  8 2015 18:01:11 by "java_re" with gcc 4.2.1 (Based on Apple Inc. build 5658) (LLVM build 2336.11.00)

time: Fri Mar 30 12:31:04 2018
elapsed time: 13 seconds (0d 0h 0m 13s)

